# JRE version: Java(TM) SE Runtime Environment (8.0_181-b13) (build 1.8.0_181-b13)
# Java VM: Java HotSpot(TM) 64-Bit Server VM (25.181-b13 mixed mode windows-amd64 compressed oops)
Heap:
 PSYoungGen      total 216576K, used 22539K [0x00000000d5f80000, 0x00000000e4900000, 0x0000000100000000)
  eden space 200704K, 11% used [0x00000000d5f80000,0x00000000d7582c98,0x00000000e2380000)
  from space 15872K, 0% used [0x00000000e3400000,0x00000000e3400000,0x00000000e4380000)
  to   space 16896K, 0% used [0x00000000e2380000,0x00000000e2380000,0x00000000e3400000)
 ParOldGen       total 102912K, used 24388K [0x0000000081e00000, 0x0000000088280000, 0x00000000d5f80000)
  object space 102912K, 23% used [0x0000000081e00000,0x00000000835d11b0,0x0000000088280000)
 Metaspace       used 35621K, capacity 35998K, committed 36352K, reserved 1081344K
  class space    used 4459K, capacity 4558K, committed 4608K, reserved 1048576K
GC Heap History (10 events):
Event: 2.374 GC heap before
{Heap before GC invocations=8 (full 1):
 PSYoungGen      total 108032K, used 107827K [0x00000000d5f80000, 0x00000000ded80000, 0x0000000100000000)
  eden space 103936K, 100% used [0x00000000d5f80000,0x00000000dc500000,0x00000000dc500000)
  from space 4096K, 95% used [0x00000000de980000,0x00000000ded4ced0,0x00000000ded80000)
  to   space 8704K, 0% used [0x00000000ddc80000,0x00000000ddc80000,0x00000000de500000)
 ParOldGen       total 58880K, used 8075K [0x0000000081e00000, 0x0000000085780000, 0x00000000d5f80000)
  object space 58880K, 13% used [0x0000000081e00000,0x00000000825e2e00,0x0000000085780000)
 Metaspace       used 23306K, capacity 23636K, committed 24064K, reserved 1071104K
  class space    used 2857K, capacity 2962K, committed 3072K, reserved 1048576K
Event: 2.378 GC heap after
Heap after GC invocations=8 (full 1):
 PSYoungGen      total 136704K, used 4089K [0x00000000d5f80000, 0x00000000e0a00000, 0x0000000100000000)
  eden space 128000K, 0% used [0x00000000d5f80000,0x00000000d5f80000,0x00000000ddc80000)
  from space 8704K, 46% used [0x00000000ddc80000,0x00000000de07e590,0x00000000de500000)
  to   space 8704K, 0% used [0x00000000e0180000,0x00000000e0180000,0x00000000e0a00000)
 ParOldGen       total 58880K, used 8083K [0x0000000081e00000, 0x0000000085780000, 0x00000000d5f80000)
  object space 58880K, 13% used [0x0000000081e00000,0x00000000825e4e00,0x0000000085780000)
 Metaspace       used 23306K, capacity 23636K, committed 24064K, reserved 1071104K
  class space    used 2857K, capacity 2962K, committed 3072K, reserved 1048576K
}
Event: 3.310 GC heap before
{Heap before GC invocations=9 (full 1):
 PSYoungGen      total 136704K, used 132089K [0x00000000d5f80000, 0x00000000e0a00000, 0x0000000100000000)
  eden space 128000K, 100% used [0x00000000d5f80000,0x00000000ddc80000,0x00000000ddc80000)
  from space 8704K, 46% used [0x00000000ddc80000,0x00000000de07e590,0x00000000de500000)
  to   space 8704K, 0% used [0x00000000e0180000,0x00000000e0180000,0x00000000e0a00000)
 ParOldGen       total 58880K, used 8083K [0x0000000081e00000, 0x0000000085780000, 0x00000000d5f80000)
  object space 58880K, 13% used [0x0000000081e00000,0x00000000825e4e00,0x0000000085780000)
 Metaspace       used 27636K, capacity 28072K, committed 28416K, reserved 1075200K
  class space    used 3384K, capacity 3486K, committed 3584K, reserved 1048576K
Event: 3.320 GC heap after
Heap after GC invocations=9 (full 1):
 PSYoungGen      total 164352K, used 8673K [0x00000000d5f80000, 0x00000000e2e00000, 0x0000000100000000)
  eden space 155648K, 0% used [0x00000000d5f80000,0x00000000d5f80000,0x00000000df780000)
  from space 8704K, 99% used [0x00000000e0180000,0x00000000e09f8588,0x00000000e0a00000)
  to   space 10240K, 0% used [0x00000000df780000,0x00000000df780000,0x00000000e0180000)
 ParOldGen       total 58880K, used 9139K [0x0000000081e00000, 0x0000000085780000, 0x00000000d5f80000)
  object space 58880K, 15% used [0x0000000081e00000,0x00000000826ecdf8,0x0000000085780000)
 Metaspace       used 27636K, capacity 28072K, committed 28416K, reserved 1075200K
  class space    used 3384K, capacity 3486K, committed 3584K, reserved 1048576K
}
Event: 4.323 GC heap before
{Heap before GC invocations=10 (full 1):
 PSYoungGen      total 164352K, used 164321K [0x00000000d5f80000, 0x00000000e2e00000, 0x0000000100000000)
  eden space 155648K, 100% used [0x00000000d5f80000,0x00000000df780000,0x00000000df780000)
  from space 8704K, 99% used [0x00000000e0180000,0x00000000e09f8588,0x00000000e0a00000)
  to   space 10240K, 0% used [0x00000000df780000,0x00000000df780000,0x00000000e0180000)
 ParOldGen       total 58880K, used 9139K [0x0000000081e00000, 0x0000000085780000, 0x00000000d5f80000)
  object space 58880K, 15% used [0x0000000081e00000,0x00000000826ecdf8,0x0000000085780000)
 Metaspace       used 32716K, capacity 33190K, committed 33408K, reserved 1079296K
  class space    used 4012K, capacity 4138K, committed 4224K, reserved 1048576K
Event: 4.338 GC heap after
Heap after GC invocations=10 (full 1):
 PSYoungGen      total 165888K, used 10222K [0x00000000d5f80000, 0x00000000e4380000, 0x0000000100000000)
  eden space 155648K, 0% used [0x00000000d5f80000,0x00000000d5f80000,0x00000000df780000)
  from space 10240K, 99% used [0x00000000df780000,0x00000000e017bb78,0x00000000e0180000)
  to   space 15872K, 0% used [0x00000000e3400000,0x00000000e3400000,0x00000000e4380000)
 ParOldGen       total 58880K, used 20428K [0x0000000081e00000, 0x0000000085780000, 0x00000000d5f80000)
  object space 58880K, 34% used [0x0000000081e00000,0x00000000831f3198,0x0000000085780000)
 Metaspace       used 32716K, capacity 33190K, committed 33408K, reserved 1079296K
  class space    used 4012K, capacity 4138K, committed 4224K, reserved 1048576K
}
Event: 4.720 GC heap before
{Heap before GC invocations=11 (full 1):
 PSYoungGen      total 165888K, used 58054K [0x00000000d5f80000, 0x00000000e4380000, 0x0000000100000000)
  eden space 155648K, 30% used [0x00000000d5f80000,0x00000000d8e35d30,0x00000000df780000)
  from space 10240K, 99% used [0x00000000df780000,0x00000000e017bb78,0x00000000e0180000)
  to   space 15872K, 0% used [0x00000000e3400000,0x00000000e3400000,0x00000000e4380000)
 ParOldGen       total 58880K, used 20428K [0x0000000081e00000, 0x0000000085780000, 0x00000000d5f80000)
  object space 58880K, 34% used [0x0000000081e00000,0x00000000831f3198,0x0000000085780000)
 Metaspace       used 34949K, capacity 35302K, committed 35456K, reserved 1081344K
  class space    used 4345K, capacity 4458K, committed 4480K, reserved 1048576K
Event: 4.729 GC heap after
Heap after GC invocations=11 (full 1):
 PSYoungGen      total 216576K, used 11910K [0x00000000d5f80000, 0x00000000e4900000, 0x0000000100000000)
  eden space 200704K, 0% used [0x00000000d5f80000,0x00000000d5f80000,0x00000000e2380000)
  from space 15872K, 75% used [0x00000000e3400000,0x00000000e3fa1be0,0x00000000e4380000)
  to   space 16896K, 0% used [0x00000000e2380000,0x00000000e2380000,0x00000000e3400000)
 ParOldGen       total 58880K, used 21747K [0x0000000081e00000, 0x0000000085780000, 0x00000000d5f80000)
  object space 58880K, 36% used [0x0000000081e00000,0x000000008333ce88,0x0000000085780000)
 Metaspace       used 34949K, capacity 35302K, committed 35456K, reserved 1081344K
  class space    used 4345K, capacity 4458K, committed 4480K, reserved 1048576K
}
Event: 4.729 GC heap before
{Heap before GC invocations=12 (full 2):
 PSYoungGen      total 216576K, used 11910K [0x00000000d5f80000, 0x00000000e4900000, 0x0000000100000000)
  eden space 200704K, 0% used [0x00000000d5f80000,0x00000000d5f80000,0x00000000e2380000)
  from space 15872K, 75% used [0x00000000e3400000,0x00000000e3fa1be0,0x00000000e4380000)
  to   space 16896K, 0% used [0x00000000e2380000,0x00000000e2380000,0x00000000e3400000)
 ParOldGen       total 58880K, used 21747K [0x0000000081e00000, 0x0000000085780000, 0x00000000d5f80000)
  object space 58880K, 36% used [0x0000000081e00000,0x000000008333ce88,0x0000000085780000)
 Metaspace       used 34949K, capacity 35302K, committed 35456K, reserved 1081344K
  class space    used 4345K, capacity 4458K, committed 4480K, reserved 1048576K
Event: 4.791 GC heap after
Heap after GC invocations=12 (full 2):
 PSYoungGen      total 216576K, used 0K [0x00000000d5f80000, 0x00000000e4900000, 0x0000000100000000)
  eden space 200704K, 0% used [0x00000000d5f80000,0x00000000d5f80000,0x00000000e2380000)
  from space 15872K, 0% used [0x00000000e3400000,0x00000000e3400000,0x00000000e4380000)
  to   space 16896K, 0% used [0x00000000e2380000,0x00000000e2380000,0x00000000e3400000)
 ParOldGen       total 102912K, used 24388K [0x0000000081e00000, 0x0000000088280000, 0x00000000d5f80000)
  object space 102912K, 23% used [0x0000000081e00000,0x00000000835d11b0,0x0000000088280000)
 Metaspace       used 34949K, capacity 35302K, committed 35456K, reserved 1081344K
  class space    used 4345K, capacity 4458K, committed 4480K, reserved 1048576K
}

