# JRE version: Java(TM) SE Runtime Environment (8.0_181-b13) (build 1.8.0_181-b13)
# Java VM: Java HotSpot(TM) 64-Bit Server VM (25.181-b13 mixed mode windows-amd64 compressed oops)
Heap:
 PSYoungGen      total 214528K, used 15467K [0x00000000d5f80000, 0x00000000eb280000, 0x0000000100000000)
  eden space 204288K, 2% used [0x00000000d5f80000,0x00000000d649b888,0x00000000e2700000)
  from space 10240K, 99% used [0x00000000e2700000,0x00000000e30ff408,0x00000000e3100000)
  to   space 17920K, 0% used [0x00000000ea100000,0x00000000ea100000,0x00000000eb280000)
 ParOldGen       total 60416K, used 20787K [0x0000000081e00000, 0x0000000085900000, 0x00000000d5f80000)
  object space 60416K, 34% used [0x0000000081e00000,0x000000008324cfc8,0x0000000085900000)
 Metaspace       used 32833K, capacity 33254K, committed 33664K, reserved 1079296K
  class space    used 4024K, capacity 4138K, committed 4224K, reserved 1048576K
GC Heap History (10 events):
Event: 2.257 GC heap before
{Heap before GC invocations=4 (full 0):
 PSYoungGen      total 71680K, used 65522K [0x00000000d5f80000, 0x00000000deb80000, 0x0000000100000000)
  eden space 66560K, 90% used [0x00000000d5f80000,0x00000000d9a7fa70,0x00000000da080000)
  from space 5120K, 99% used [0x00000000da080000,0x00000000da57ce18,0x00000000da580000)
  to   space 5120K, 0% used [0x00000000de680000,0x00000000de680000,0x00000000deb80000)
 ParOldGen       total 87552K, used 4588K [0x0000000081e00000, 0x0000000087380000, 0x00000000d5f80000)
  object space 87552K, 5% used [0x0000000081e00000,0x000000008227b118,0x0000000087380000)
 Metaspace       used 20858K, capacity 21106K, committed 21296K, reserved 1069056K
  class space    used 2535K, capacity 2599K, committed 2688K, reserved 1048576K
Event: 2.264 GC heap after
Heap after GC invocations=4 (full 0):
 PSYoungGen      total 138240K, used 5117K [0x00000000d5f80000, 0x00000000deb80000, 0x0000000100000000)
  eden space 133120K, 0% used [0x00000000d5f80000,0x00000000d5f80000,0x00000000de180000)
  from space 5120K, 99% used [0x00000000de680000,0x00000000deb7f430,0x00000000deb80000)
  to   space 5120K, 0% used [0x00000000de180000,0x00000000de180000,0x00000000de680000)
 ParOldGen       total 87552K, used 7697K [0x0000000081e00000, 0x0000000087380000, 0x00000000d5f80000)
  object space 87552K, 8% used [0x0000000081e00000,0x0000000082584690,0x0000000087380000)
 Metaspace       used 20858K, capacity 21106K, committed 21296K, reserved 1069056K
  class space    used 2535K, capacity 2599K, committed 2688K, reserved 1048576K
}
Event: 2.264 GC heap before
{Heap before GC invocations=5 (full 1):
 PSYoungGen      total 138240K, used 5117K [0x00000000d5f80000, 0x00000000deb80000, 0x0000000100000000)
  eden space 133120K, 0% used [0x00000000d5f80000,0x00000000d5f80000,0x00000000de180000)
  from space 5120K, 99% used [0x00000000de680000,0x00000000deb7f430,0x00000000deb80000)
  to   space 5120K, 0% used [0x00000000de180000,0x00000000de180000,0x00000000de680000)
 ParOldGen       total 87552K, used 7697K [0x0000000081e00000, 0x0000000087380000, 0x00000000d5f80000)
  object space 87552K, 8% used [0x0000000081e00000,0x0000000082584690,0x0000000087380000)
 Metaspace       used 20858K, capacity 21106K, committed 21296K, reserved 1069056K
  class space    used 2535K, capacity 2599K, committed 2688K, reserved 1048576K
Event: 2.290 GC heap after
Heap after GC invocations=5 (full 1):
 PSYoungGen      total 138240K, used 0K [0x00000000d5f80000, 0x00000000deb80000, 0x0000000100000000)
  eden space 133120K, 0% used [0x00000000d5f80000,0x00000000d5f80000,0x00000000de180000)
  from space 5120K, 0% used [0x00000000de680000,0x00000000de680000,0x00000000deb80000)
  to   space 5120K, 0% used [0x00000000de180000,0x00000000de180000,0x00000000de680000)
 ParOldGen       total 60416K, used 8048K [0x0000000081e00000, 0x0000000085900000, 0x00000000d5f80000)
  object space 60416K, 13% used [0x0000000081e00000,0x00000000825dc2e8,0x0000000085900000)
 Metaspace       used 20858K, capacity 21106K, committed 21296K, reserved 1069056K
  class space    used 2535K, capacity 2599K, committed 2688K, reserved 1048576K
}
Event: 4.894 GC heap before
{Heap before GC invocations=6 (full 1):
 PSYoungGen      total 138240K, used 133120K [0x00000000d5f80000, 0x00000000deb80000, 0x0000000100000000)
  eden space 133120K, 100% used [0x00000000d5f80000,0x00000000de180000,0x00000000de180000)
  from space 5120K, 0% used [0x00000000de680000,0x00000000de680000,0x00000000deb80000)
  to   space 5120K, 0% used [0x00000000de180000,0x00000000de180000,0x00000000de680000)
 ParOldGen       total 60416K, used 8048K [0x0000000081e00000, 0x0000000085900000, 0x00000000d5f80000)
  object space 60416K, 13% used [0x0000000081e00000,0x00000000825dc2e8,0x0000000085900000)
 Metaspace       used 23186K, capacity 23522K, committed 23680K, reserved 1071104K
  class space    used 2838K, capacity 2927K, committed 2944K, reserved 1048576K
Event: 4.909 GC heap after
Heap after GC invocations=6 (full 1):
 PSYoungGen      total 138240K, used 5090K [0x00000000d5f80000, 0x00000000e3b00000, 0x0000000100000000)
  eden space 133120K, 0% used [0x00000000d5f80000,0x00000000d5f80000,0x00000000de180000)
  from space 5120K, 99% used [0x00000000de180000,0x00000000de678988,0x00000000de680000)
  to   space 10240K, 0% used [0x00000000e3100000,0x00000000e3100000,0x00000000e3b00000)
 ParOldGen       total 60416K, used 8492K [0x0000000081e00000, 0x0000000085900000, 0x00000000d5f80000)
  object space 60416K, 14% used [0x0000000081e00000,0x000000008264b338,0x0000000085900000)
 Metaspace       used 23186K, capacity 23522K, committed 23680K, reserved 1071104K
  class space    used 2838K, capacity 2927K, committed 2944K, reserved 1048576K
}
Event: 6.307 GC heap before
{Heap before GC invocations=7 (full 1):
 PSYoungGen      total 138240K, used 138210K [0x00000000d5f80000, 0x00000000e3b00000, 0x0000000100000000)
  eden space 133120K, 100% used [0x00000000d5f80000,0x00000000de180000,0x00000000de180000)
  from space 5120K, 99% used [0x00000000de180000,0x00000000de678988,0x00000000de680000)
  to   space 10240K, 0% used [0x00000000e3100000,0x00000000e3100000,0x00000000e3b00000)
 ParOldGen       total 60416K, used 8492K [0x0000000081e00000, 0x0000000085900000, 0x00000000d5f80000)
  object space 60416K, 14% used [0x0000000081e00000,0x000000008264b338,0x0000000085900000)
 Metaspace       used 26117K, capacity 26426K, committed 26624K, reserved 1073152K
  class space    used 3222K, capacity 3325K, committed 3328K, reserved 1048576K
Event: 6.329 GC heap after
Heap after GC invocations=7 (full 1):
 PSYoungGen      total 214528K, used 8015K [0x00000000d5f80000, 0x00000000e3c00000, 0x0000000100000000)
  eden space 204288K, 0% used [0x00000000d5f80000,0x00000000d5f80000,0x00000000e2700000)
  from space 10240K, 78% used [0x00000000e3100000,0x00000000e38d3f70,0x00000000e3b00000)
  to   space 10240K, 0% used [0x00000000e2700000,0x00000000e2700000,0x00000000e3100000)
 ParOldGen       total 60416K, used 8492K [0x0000000081e00000, 0x0000000085900000, 0x00000000d5f80000)
  object space 60416K, 14% used [0x0000000081e00000,0x000000008264b338,0x0000000085900000)
 Metaspace       used 26117K, capacity 26426K, committed 26624K, reserved 1073152K
  class space    used 3222K, capacity 3325K, committed 3328K, reserved 1048576K
}
Event: 8.061 GC heap before
{Heap before GC invocations=8 (full 1):
 PSYoungGen      total 214528K, used 212303K [0x00000000d5f80000, 0x00000000e3c00000, 0x0000000100000000)
  eden space 204288K, 100% used [0x00000000d5f80000,0x00000000e2700000,0x00000000e2700000)
  from space 10240K, 78% used [0x00000000e3100000,0x00000000e38d3f70,0x00000000e3b00000)
  to   space 10240K, 0% used [0x00000000e2700000,0x00000000e2700000,0x00000000e3100000)
 ParOldGen       total 60416K, used 8492K [0x0000000081e00000, 0x0000000085900000, 0x00000000d5f80000)
  object space 60416K, 14% used [0x0000000081e00000,0x000000008264b338,0x0000000085900000)
 Metaspace       used 32785K, capacity 33190K, committed 33408K, reserved 1079296K
  class space    used 4018K, capacity 4138K, committed 4224K, reserved 1048576K
Event: 8.078 GC heap after
Heap after GC invocations=8 (full 1):
 PSYoungGen      total 214528K, used 10237K [0x00000000d5f80000, 0x00000000eb280000, 0x0000000100000000)
  eden space 204288K, 0% used [0x00000000d5f80000,0x00000000d5f80000,0x00000000e2700000)
  from space 10240K, 99% used [0x00000000e2700000,0x00000000e30ff408,0x00000000e3100000)
  to   space 17920K, 0% used [0x00000000ea100000,0x00000000ea100000,0x00000000eb280000)
 ParOldGen       total 60416K, used 20787K [0x0000000081e00000, 0x0000000085900000, 0x00000000d5f80000)
  object space 60416K, 34% used [0x0000000081e00000,0x000000008324cfc8,0x0000000085900000)
 Metaspace       used 32785K, capacity 33190K, committed 33408K, reserved 1079296K
  class space    used 4018K, capacity 4138K, committed 4224K, reserved 1048576K
}

