# JRE version: Java(TM) SE Runtime Environment (8.0_181-b13) (build 1.8.0_181-b13)
# Java VM: Java HotSpot(TM) 64-Bit Server VM (25.181-b13 mixed mode windows-amd64 compressed oops)
Heap:
 PSYoungGen      total 501248K, used 275731K [0x00000000d5f80000, 0x0000000100000000, 0x0000000100000000)
  eden space 486400K, 56% used [0x00000000d5f80000,0x00000000e6cc4f30,0x00000000f3a80000)
  from space 14848K, 0% used [0x00000000f3a80000,0x00000000f3a80000,0x00000000f4900000)
  to   space 14336K, 0% used [0x00000000ff200000,0x00000000ff200000,0x0000000100000000)
 ParOldGen       total 73728K, used 39291K [0x0000000081e00000, 0x0000000086600000, 0x00000000d5f80000)
  object space 73728K, 53% used [0x0000000081e00000,0x000000008445ef18,0x0000000086600000)
 Metaspace       used 49808K, capacity 50804K, committed 50856K, reserved 1093632K
  class space    used 6276K, capacity 6551K, committed 6568K, reserved 1048576K
GC Heap History (10 events):
Event: 217.069 GC heap before
{Heap before GC invocations=16 (full 3):
 PSYoungGen      total 500224K, used 486400K [0x00000000d5f80000, 0x00000000f5880000, 0x0000000100000000)
  eden space 486400K, 100% used [0x00000000d5f80000,0x00000000f3a80000,0x00000000f3a80000)
  from space 13824K, 0% used [0x00000000f4900000,0x00000000f4900000,0x00000000f5680000)
  to   space 14848K, 0% used [0x00000000f3a80000,0x00000000f3a80000,0x00000000f4900000)
 ParOldGen       total 73728K, used 35061K [0x0000000081e00000, 0x0000000086600000, 0x00000000d5f80000)
  object space 73728K, 47% used [0x0000000081e00000,0x000000008403d6e8,0x0000000086600000)
 Metaspace       used 49192K, capacity 49944K, committed 50088K, reserved 1093632K
  class space    used 6234K, capacity 6460K, committed 6568K, reserved 1048576K
Event: 217.078 GC heap after
Heap after GC invocations=16 (full 3):
 PSYoungGen      total 501248K, used 8544K [0x00000000d5f80000, 0x00000000f5880000, 0x0000000100000000)
  eden space 486400K, 0% used [0x00000000d5f80000,0x00000000d5f80000,0x00000000f3a80000)
  from space 14848K, 57% used [0x00000000f3a80000,0x00000000f42d81d8,0x00000000f4900000)
  to   space 13824K, 0% used [0x00000000f4900000,0x00000000f4900000,0x00000000f5680000)
 ParOldGen       total 73728K, used 35069K [0x0000000081e00000, 0x0000000086600000, 0x00000000d5f80000)
  object space 73728K, 47% used [0x0000000081e00000,0x000000008403f6e8,0x0000000086600000)
 Metaspace       used 49192K, capacity 49944K, committed 50088K, reserved 1093632K
  class space    used 6234K, capacity 6460K, committed 6568K, reserved 1048576K
}
Event: 217.107 GC heap before
{Heap before GC invocations=17 (full 3):
 PSYoungGen      total 501248K, used 37713K [0x00000000d5f80000, 0x00000000f5880000, 0x0000000100000000)
  eden space 486400K, 5% used [0x00000000d5f80000,0x00000000d7bfc600,0x00000000f3a80000)
  from space 14848K, 57% used [0x00000000f3a80000,0x00000000f42d81d8,0x00000000f4900000)
  to   space 13824K, 0% used [0x00000000f4900000,0x00000000f4900000,0x00000000f5680000)
 ParOldGen       total 73728K, used 35069K [0x0000000081e00000, 0x0000000086600000, 0x00000000d5f80000)
  object space 73728K, 47% used [0x0000000081e00000,0x000000008403f6e8,0x0000000086600000)
 Metaspace       used 49204K, capacity 49944K, committed 50088K, reserved 1093632K
  class space    used 6234K, capacity 6460K, committed 6568K, reserved 1048576K
Event: 217.111 GC heap after
Heap after GC invocations=17 (full 3):
 PSYoungGen      total 500224K, used 224K [0x00000000d5f80000, 0x00000000f5880000, 0x0000000100000000)
  eden space 486400K, 0% used [0x00000000d5f80000,0x00000000d5f80000,0x00000000f3a80000)
  from space 13824K, 1% used [0x00000000f4900000,0x00000000f4938000,0x00000000f5680000)
  to   space 14848K, 0% used [0x00000000f3a80000,0x00000000f3a80000,0x00000000f4900000)
 ParOldGen       total 73728K, used 38657K [0x0000000081e00000, 0x0000000086600000, 0x00000000d5f80000)
  object space 73728K, 52% used [0x0000000081e00000,0x00000000843c05c8,0x0000000086600000)
 Metaspace       used 49204K, capacity 49944K, committed 50088K, reserved 1093632K
  class space    used 6234K, capacity 6460K, committed 6568K, reserved 1048576K
}
Event: 217.111 GC heap before
{Heap before GC invocations=18 (full 4):
 PSYoungGen      total 500224K, used 224K [0x00000000d5f80000, 0x00000000f5880000, 0x0000000100000000)
  eden space 486400K, 0% used [0x00000000d5f80000,0x00000000d5f80000,0x00000000f3a80000)
  from space 13824K, 1% used [0x00000000f4900000,0x00000000f4938000,0x00000000f5680000)
  to   space 14848K, 0% used [0x00000000f3a80000,0x00000000f3a80000,0x00000000f4900000)
 ParOldGen       total 73728K, used 38657K [0x0000000081e00000, 0x0000000086600000, 0x00000000d5f80000)
  object space 73728K, 52% used [0x0000000081e00000,0x00000000843c05c8,0x0000000086600000)
 Metaspace       used 49204K, capacity 49944K, committed 50088K, reserved 1093632K
  class space    used 6234K, capacity 6460K, committed 6568K, reserved 1048576K
Event: 217.307 GC heap after
Heap after GC invocations=18 (full 4):
 PSYoungGen      total 500224K, used 0K [0x00000000d5f80000, 0x00000000f5880000, 0x0000000100000000)
  eden space 486400K, 0% used [0x00000000d5f80000,0x00000000d5f80000,0x00000000f3a80000)
  from space 13824K, 0% used [0x00000000f4900000,0x00000000f4900000,0x00000000f5680000)
  to   space 14848K, 0% used [0x00000000f3a80000,0x00000000f3a80000,0x00000000f4900000)
 ParOldGen       total 73728K, used 33049K [0x0000000081e00000, 0x0000000086600000, 0x00000000d5f80000)
  object space 73728K, 44% used [0x0000000081e00000,0x0000000083e46790,0x0000000086600000)
 Metaspace       used 49204K, capacity 49944K, committed 50088K, reserved 1093632K
  class space    used 6234K, capacity 6460K, committed 6568K, reserved 1048576K
}
Event: 240.624 GC heap before
{Heap before GC invocations=19 (full 4):
 PSYoungGen      total 500224K, used 479407K [0x00000000d5f80000, 0x00000000f5880000, 0x0000000100000000)
  eden space 486400K, 98% used [0x00000000d5f80000,0x00000000f33abc80,0x00000000f3a80000)
  from space 13824K, 0% used [0x00000000f4900000,0x00000000f4900000,0x00000000f5680000)
  to   space 14848K, 0% used [0x00000000f3a80000,0x00000000f3a80000,0x00000000f4900000)
 ParOldGen       total 73728K, used 33049K [0x0000000081e00000, 0x0000000086600000, 0x00000000d5f80000)
  object space 73728K, 44% used [0x0000000081e00000,0x0000000083e46790,0x0000000086600000)
 Metaspace       used 49698K, capacity 50586K, committed 50856K, reserved 1093632K
  class space    used 6259K, capacity 6523K, committed 6568K, reserved 1048576K
Event: 240.629 GC heap after
Heap after GC invocations=19 (full 4):
 PSYoungGen      total 501248K, used 6931K [0x00000000d5f80000, 0x0000000100000000, 0x0000000100000000)
  eden space 486400K, 0% used [0x00000000d5f80000,0x00000000d5f80000,0x00000000f3a80000)
  from space 14848K, 46% used [0x00000000f3a80000,0x00000000f4144cc8,0x00000000f4900000)
  to   space 14336K, 0% used [0x00000000ff200000,0x00000000ff200000,0x0000000100000000)
 ParOldGen       total 73728K, used 33057K [0x0000000081e00000, 0x0000000086600000, 0x00000000d5f80000)
  object space 73728K, 44% used [0x0000000081e00000,0x0000000083e48790,0x0000000086600000)
 Metaspace       used 49698K, capacity 50586K, committed 50856K, reserved 1093632K
  class space    used 6259K, capacity 6523K, committed 6568K, reserved 1048576K
}
Event: 240.629 GC heap before
{Heap before GC invocations=20 (full 5):
 PSYoungGen      total 501248K, used 6931K [0x00000000d5f80000, 0x0000000100000000, 0x0000000100000000)
  eden space 486400K, 0% used [0x00000000d5f80000,0x00000000d5f80000,0x00000000f3a80000)
  from space 14848K, 46% used [0x00000000f3a80000,0x00000000f4144cc8,0x00000000f4900000)
  to   space 14336K, 0% used [0x00000000ff200000,0x00000000ff200000,0x0000000100000000)
 ParOldGen       total 73728K, used 33057K [0x0000000081e00000, 0x0000000086600000, 0x00000000d5f80000)
  object space 73728K, 44% used [0x0000000081e00000,0x0000000083e48790,0x0000000086600000)
 Metaspace       used 49698K, capacity 50586K, committed 50856K, reserved 1093632K
  class space    used 6259K, capacity 6523K, committed 6568K, reserved 1048576K
Event: 240.775 GC heap after
Heap after GC invocations=20 (full 5):
 PSYoungGen      total 501248K, used 0K [0x00000000d5f80000, 0x0000000100000000, 0x0000000100000000)
  eden space 486400K, 0% used [0x00000000d5f80000,0x00000000d5f80000,0x00000000f3a80000)
  from space 14848K, 0% used [0x00000000f3a80000,0x00000000f3a80000,0x00000000f4900000)
  to   space 14336K, 0% used [0x00000000ff200000,0x00000000ff200000,0x0000000100000000)
 ParOldGen       total 73728K, used 39291K [0x0000000081e00000, 0x0000000086600000, 0x00000000d5f80000)
  object space 73728K, 53% used [0x0000000081e00000,0x000000008445ef18,0x0000000086600000)
 Metaspace       used 49698K, capacity 50586K, committed 50856K, reserved 1093632K
  class space    used 6259K, capacity 6523K, committed 6568K, reserved 1048576K
}

